<?xml version="1.0" encoding="UTF-8"?>
<!-- Generated by org.testng.reporters.JUnitReportReporter -->
<testsuite skipped="0" hostname="LAPTOP-BPL6MCEE" name="test.Add_A_CategoryTest" tests="1" failures="0" timestamp="10 Jul 2021 16:09:43 GMT" time="2.391" errors="0">
  <testcase name="validateAddedCategory" time="2.391" classname="test.Add_A_CategoryTest"/>
</testsuite> <!-- test.Add_A_CategoryTest -->
